# JRE version: Java(TM) SE Runtime Environment (8.0_77-b03) (build 1.8.0_77-b03)
# Java VM: Java HotSpot(TM) 64-Bit Server VM (25.77-b03 mixed mode windows-amd64 compressed oops)
Heap:
 PSYoungGen      total 137216K, used 71248K [0x00000000eb180000, 0x00000000f6280000, 0x0000000100000000)
  eden space 123904K, 46% used [0x00000000eb180000,0x00000000eea141e8,0x00000000f2a80000)
  from space 13312K, 99% used [0x00000000f2a80000,0x00000000f377fe68,0x00000000f3780000)
  to   space 15360K, 0% used [0x00000000f5380000,0x00000000f5380000,0x00000000f6280000)
 ParOldGen       total 72192K, used 23268K [0x00000000c1400000, 0x00000000c5a80000, 0x00000000eb180000)
  object space 72192K, 32% used [0x00000000c1400000,0x00000000c2ab93f8,0x00000000c5a80000)
 Metaspace       used 47365K, capacity 47914K, committed 48384K, reserved 1091584K
  class space    used 6011K, capacity 6138K, committed 6144K, reserved 1048576K
GC Heap History (10 events):
Event: 4.416 GC heap before
{Heap before GC invocations=9 (full 1):
 PSYoungGen      total 72704K, used 65536K [0x00000000eb180000, 0x00000000f4080000, 0x0000000100000000)
  eden space 65536K, 100% used [0x00000000eb180000,0x00000000ef180000,0x00000000ef180000)
  from space 7168K, 0% used [0x00000000ef180000,0x00000000ef180000,0x00000000ef880000)
  to   space 7680K, 0% used [0x00000000f3900000,0x00000000f3900000,0x00000000f4080000)
 ParOldGen       total 38912K, used 9439K [0x00000000c1400000, 0x00000000c3a00000, 0x00000000eb180000)
  object space 38912K, 24% used [0x00000000c1400000,0x00000000c1d37ed8,0x00000000c3a00000)
 Metaspace       used 24411K, capacity 24770K, committed 24960K, reserved 1071104K
  class space    used 3016K, capacity 3134K, committed 3200K, reserved 1048576K
Event: 4.432 GC heap after
Heap after GC invocations=9 (full 1):
 PSYoungGen      total 100352K, used 5654K [0x00000000eb180000, 0x00000000f3f00000, 0x0000000100000000)
  eden space 94208K, 0% used [0x00000000eb180000,0x00000000eb180000,0x00000000f0d80000)
  from space 6144K, 92% used [0x00000000f3900000,0x00000000f3e858b8,0x00000000f3f00000)
  to   space 7680K, 0% used [0x00000000f3000000,0x00000000f3000000,0x00000000f3780000)
 ParOldGen       total 38912K, used 9439K [0x00000000c1400000, 0x00000000c3a00000, 0x00000000eb180000)
  object space 38912K, 24% used [0x00000000c1400000,0x00000000c1d37ed8,0x00000000c3a00000)
 Metaspace       used 24411K, capacity 24770K, committed 24960K, reserved 1071104K
  class space    used 3016K, capacity 3134K, committed 3200K, reserved 1048576K
}
Event: 5.862 GC heap before
{Heap before GC invocations=10 (full 1):
 PSYoungGen      total 100352K, used 99862K [0x00000000eb180000, 0x00000000f3f00000, 0x0000000100000000)
  eden space 94208K, 100% used [0x00000000eb180000,0x00000000f0d80000,0x00000000f0d80000)
  from space 6144K, 92% used [0x00000000f3900000,0x00000000f3e858b8,0x00000000f3f00000)
  to   space 7680K, 0% used [0x00000000f3000000,0x00000000f3000000,0x00000000f3780000)
 ParOldGen       total 38912K, used 9439K [0x00000000c1400000, 0x00000000c3a00000, 0x00000000eb180000)
  object space 38912K, 24% used [0x00000000c1400000,0x00000000c1d37ed8,0x00000000c3a00000)
 Metaspace       used 29189K, capacity 29600K, committed 29952K, reserved 1075200K
  class space    used 3628K, capacity 3715K, committed 3840K, reserved 1048576K
Event: 5.876 GC heap after
Heap after GC invocations=10 (full 1):
 PSYoungGen      total 124416K, used 7676K [0x00000000eb180000, 0x00000000f3980000, 0x0000000100000000)
  eden space 116736K, 0% used [0x00000000eb180000,0x00000000eb180000,0x00000000f2380000)
  from space 7680K, 99% used [0x00000000f3000000,0x00000000f377f208,0x00000000f3780000)
  to   space 2048K, 0% used [0x00000000f3780000,0x00000000f3780000,0x00000000f3980000)
 ParOldGen       total 38912K, used 14503K [0x00000000c1400000, 0x00000000c3a00000, 0x00000000eb180000)
  object space 38912K, 37% used [0x00000000c1400000,0x00000000c2229f40,0x00000000c3a00000)
 Metaspace       used 29189K, capacity 29600K, committed 29952K, reserved 1075200K
  class space    used 3628K, capacity 3715K, committed 3840K, reserved 1048576K
}
Event: 7.587 GC heap before
{Heap before GC invocations=11 (full 1):
 PSYoungGen      total 124416K, used 82141K [0x00000000eb180000, 0x00000000f3980000, 0x0000000100000000)
  eden space 116736K, 63% used [0x00000000eb180000,0x00000000efa385c0,0x00000000f2380000)
  from space 7680K, 99% used [0x00000000f3000000,0x00000000f377f208,0x00000000f3780000)
  to   space 2048K, 0% used [0x00000000f3780000,0x00000000f3780000,0x00000000f3980000)
 ParOldGen       total 38912K, used 14503K [0x00000000c1400000, 0x00000000c3a00000, 0x00000000eb180000)
  object space 38912K, 37% used [0x00000000c1400000,0x00000000c2229f40,0x00000000c3a00000)
 Metaspace       used 34830K, capacity 35216K, committed 35456K, reserved 1081344K
  class space    used 4314K, capacity 4427K, committed 4480K, reserved 1048576K
Event: 7.602 GC heap after
Heap after GC invocations=11 (full 1):
 PSYoungGen      total 125952K, used 2048K [0x00000000eb180000, 0x00000000f5600000, 0x0000000100000000)
  eden space 123904K, 0% used [0x00000000eb180000,0x00000000eb180000,0x00000000f2a80000)
  from space 2048K, 100% used [0x00000000f3780000,0x00000000f3980000,0x00000000f3980000)
  to   space 13312K, 0% used [0x00000000f2a80000,0x00000000f2a80000,0x00000000f3780000)
 ParOldGen       total 38912K, used 26361K [0x00000000c1400000, 0x00000000c3a00000, 0x00000000eb180000)
  object space 38912K, 67% used [0x00000000c1400000,0x00000000c2dbe478,0x00000000c3a00000)
 Metaspace       used 34830K, capacity 35216K, committed 35456K, reserved 1081344K
  class space    used 4314K, capacity 4427K, committed 4480K, reserved 1048576K
}
Event: 7.602 GC heap before
{Heap before GC invocations=12 (full 2):
 PSYoungGen      total 125952K, used 2048K [0x00000000eb180000, 0x00000000f5600000, 0x0000000100000000)
  eden space 123904K, 0% used [0x00000000eb180000,0x00000000eb180000,0x00000000f2a80000)
  from space 2048K, 100% used [0x00000000f3780000,0x00000000f3980000,0x00000000f3980000)
  to   space 13312K, 0% used [0x00000000f2a80000,0x00000000f2a80000,0x00000000f3780000)
 ParOldGen       total 38912K, used 26361K [0x00000000c1400000, 0x00000000c3a00000, 0x00000000eb180000)
  object space 38912K, 67% used [0x00000000c1400000,0x00000000c2dbe478,0x00000000c3a00000)
 Metaspace       used 34830K, capacity 35216K, committed 35456K, reserved 1081344K
  class space    used 4314K, capacity 4427K, committed 4480K, reserved 1048576K
Event: 7.709 GC heap after
Heap after GC invocations=12 (full 2):
 PSYoungGen      total 125952K, used 0K [0x00000000eb180000, 0x00000000f5600000, 0x0000000100000000)
  eden space 123904K, 0% used [0x00000000eb180000,0x00000000eb180000,0x00000000f2a80000)
  from space 2048K, 0% used [0x00000000f3780000,0x00000000f3780000,0x00000000f3980000)
  to   space 13312K, 0% used [0x00000000f2a80000,0x00000000f2a80000,0x00000000f3780000)
 ParOldGen       total 72192K, used 22393K [0x00000000c1400000, 0x00000000c5a80000, 0x00000000eb180000)
  object space 72192K, 31% used [0x00000000c1400000,0x00000000c29de4c8,0x00000000c5a80000)
 Metaspace       used 34830K, capacity 35216K, committed 35456K, reserved 1081344K
  class space    used 4314K, capacity 4427K, committed 4480K, reserved 1048576K
}
Event: 11.154 GC heap before
{Heap before GC invocations=13 (full 2):
 PSYoungGen      total 125952K, used 123904K [0x00000000eb180000, 0x00000000f5600000, 0x0000000100000000)
  eden space 123904K, 100% used [0x00000000eb180000,0x00000000f2a80000,0x00000000f2a80000)
  from space 2048K, 0% used [0x00000000f3780000,0x00000000f3780000,0x00000000f3980000)
  to   space 13312K, 0% used [0x00000000f2a80000,0x00000000f2a80000,0x00000000f3780000)
 ParOldGen       total 72192K, used 22393K [0x00000000c1400000, 0x00000000c5a80000, 0x00000000eb180000)
  object space 72192K, 31% used [0x00000000c1400000,0x00000000c29de4c8,0x00000000c5a80000)
 Metaspace       used 44623K, capacity 45074K, committed 45568K, reserved 1089536K
  class space    used 5661K, capacity 5766K, committed 5888K, reserved 1048576K
Event: 11.187 GC heap after
Heap after GC invocations=13 (full 2):
 PSYoungGen      total 137216K, used 13311K [0x00000000eb180000, 0x00000000f6280000, 0x0000000100000000)
  eden space 123904K, 0% used [0x00000000eb180000,0x00000000eb180000,0x00000000f2a80000)
  from space 13312K, 99% used [0x00000000f2a80000,0x00000000f377fe68,0x00000000f3780000)
  to   space 15360K, 0% used [0x00000000f5380000,0x00000000f5380000,0x00000000f6280000)
 ParOldGen       total 72192K, used 23268K [0x00000000c1400000, 0x00000000c5a80000, 0x00000000eb180000)
  object space 72192K, 32% used [0x00000000c1400000,0x00000000c2ab93f8,0x00000000c5a80000)
 Metaspace       used 44623K, capacity 45074K, committed 45568K, reserved 1089536K
  class space    used 5661K, capacity 5766K, committed 5888K, reserved 1048576K
}

