# JRE version: Java(TM) SE Runtime Environment (8.0_77-b03) (build 1.8.0_77-b03)
# Java VM: Java HotSpot(TM) 64-Bit Server VM (25.77-b03 mixed mode windows-amd64 compressed oops)
Heap:
 PSYoungGen      total 165888K, used 122742K [0x00000000eb180000, 0x00000000f6c00000, 0x0000000100000000)
  eden space 150528K, 71% used [0x00000000eb180000,0x00000000f1a5ddc8,0x00000000f4480000)
  from space 15360K, 99% used [0x00000000f5600000,0x00000000f64ffd90,0x00000000f6500000)
  to   space 17920K, 0% used [0x00000000f4480000,0x00000000f4480000,0x00000000f5600000)
 ParOldGen       total 70144K, used 24260K [0x00000000c1400000, 0x00000000c5880000, 0x00000000eb180000)
  object space 70144K, 34% used [0x00000000c1400000,0x00000000c2bb10f8,0x00000000c5880000)
 Metaspace       used 52615K, capacity 53236K, committed 53760K, reserved 1095680K
  class space    used 6676K, capacity 6829K, committed 6912K, reserved 1048576K
GC Heap History (10 events):
Event: 5.798 GC heap before
{Heap before GC invocations=10 (full 1):
 PSYoungGen      total 101888K, used 101418K [0x00000000eb180000, 0x00000000f3f00000, 0x0000000100000000)
  eden space 95744K, 100% used [0x00000000eb180000,0x00000000f0f00000,0x00000000f0f00000)
  from space 6144K, 92% used [0x00000000f3900000,0x00000000f3e8aa50,0x00000000f3f00000)
  to   space 7680K, 0% used [0x00000000f3000000,0x00000000f3000000,0x00000000f3780000)
 ParOldGen       total 38400K, used 9405K [0x00000000c1400000, 0x00000000c3980000, 0x00000000eb180000)
  object space 38400K, 24% used [0x00000000c1400000,0x00000000c1d2f738,0x00000000c3980000)
 Metaspace       used 29296K, capacity 29664K, committed 29952K, reserved 1075200K
  class space    used 3652K, capacity 3779K, committed 3840K, reserved 1048576K
Event: 5.813 GC heap after
Heap after GC invocations=10 (full 1):
 PSYoungGen      total 127488K, used 7662K [0x00000000eb180000, 0x00000000f3b80000, 0x0000000100000000)
  eden space 119808K, 0% used [0x00000000eb180000,0x00000000eb180000,0x00000000f2680000)
  from space 7680K, 99% used [0x00000000f3000000,0x00000000f377b978,0x00000000f3780000)
  to   space 4096K, 0% used [0x00000000f3780000,0x00000000f3780000,0x00000000f3b80000)
 ParOldGen       total 38400K, used 14561K [0x00000000c1400000, 0x00000000c3980000, 0x00000000eb180000)
  object space 38400K, 37% used [0x00000000c1400000,0x00000000c2238680,0x00000000c3980000)
 Metaspace       used 29296K, capacity 29664K, committed 29952K, reserved 1075200K
  class space    used 3652K, capacity 3779K, committed 3840K, reserved 1048576K
}
Event: 7.403 GC heap before
{Heap before GC invocations=11 (full 1):
 PSYoungGen      total 127488K, used 81100K [0x00000000eb180000, 0x00000000f3b80000, 0x0000000100000000)
  eden space 119808K, 61% used [0x00000000eb180000,0x00000000ef9377d8,0x00000000f2680000)
  from space 7680K, 99% used [0x00000000f3000000,0x00000000f377b978,0x00000000f3780000)
  to   space 4096K, 0% used [0x00000000f3780000,0x00000000f3780000,0x00000000f3b80000)
 ParOldGen       total 38400K, used 14561K [0x00000000c1400000, 0x00000000c3980000, 0x00000000eb180000)
  object space 38400K, 37% used [0x00000000c1400000,0x00000000c2238680,0x00000000c3980000)
 Metaspace       used 34829K, capacity 35216K, committed 35456K, reserved 1081344K
  class space    used 4312K, capacity 4427K, committed 4480K, reserved 1048576K
Event: 7.419 GC heap after
Heap after GC invocations=11 (full 1):
 PSYoungGen      total 128000K, used 4070K [0x00000000eb180000, 0x00000000f5b80000, 0x0000000100000000)
  eden space 123904K, 0% used [0x00000000eb180000,0x00000000eb180000,0x00000000f2a80000)
  from space 4096K, 99% used [0x00000000f3780000,0x00000000f3b79848,0x00000000f3b80000)
  to   space 13312K, 0% used [0x00000000f2a80000,0x00000000f2a80000,0x00000000f3780000)
 ParOldGen       total 38400K, used 24248K [0x00000000c1400000, 0x00000000c3980000, 0x00000000eb180000)
  object space 38400K, 63% used [0x00000000c1400000,0x00000000c2bae3f0,0x00000000c3980000)
 Metaspace       used 34829K, capacity 35216K, committed 35456K, reserved 1081344K
  class space    used 4312K, capacity 4427K, committed 4480K, reserved 1048576K
}
Event: 7.419 GC heap before
{Heap before GC invocations=12 (full 2):
 PSYoungGen      total 128000K, used 4070K [0x00000000eb180000, 0x00000000f5b80000, 0x0000000100000000)
  eden space 123904K, 0% used [0x00000000eb180000,0x00000000eb180000,0x00000000f2a80000)
  from space 4096K, 99% used [0x00000000f3780000,0x00000000f3b79848,0x00000000f3b80000)
  to   space 13312K, 0% used [0x00000000f2a80000,0x00000000f2a80000,0x00000000f3780000)
 ParOldGen       total 38400K, used 24248K [0x00000000c1400000, 0x00000000c3980000, 0x00000000eb180000)
  object space 38400K, 63% used [0x00000000c1400000,0x00000000c2bae3f0,0x00000000c3980000)
 Metaspace       used 34829K, capacity 35216K, committed 35456K, reserved 1081344K
  class space    used 4312K, capacity 4427K, committed 4480K, reserved 1048576K
Event: 7.505 GC heap after
Heap after GC invocations=12 (full 2):
 PSYoungGen      total 128000K, used 0K [0x00000000eb180000, 0x00000000f5b80000, 0x0000000100000000)
  eden space 123904K, 0% used [0x00000000eb180000,0x00000000eb180000,0x00000000f2a80000)
  from space 4096K, 0% used [0x00000000f3780000,0x00000000f3780000,0x00000000f3b80000)
  to   space 13312K, 0% used [0x00000000f2a80000,0x00000000f2a80000,0x00000000f3780000)
 ParOldGen       total 70144K, used 22542K [0x00000000c1400000, 0x00000000c5880000, 0x00000000eb180000)
  object space 70144K, 32% used [0x00000000c1400000,0x00000000c2a039e0,0x00000000c5880000)
 Metaspace       used 34829K, capacity 35216K, committed 35456K, reserved 1081344K
  class space    used 4312K, capacity 4427K, committed 4480K, reserved 1048576K
}
Event: 11.179 GC heap before
{Heap before GC invocations=13 (full 2):
 PSYoungGen      total 128000K, used 123904K [0x00000000eb180000, 0x00000000f5b80000, 0x0000000100000000)
  eden space 123904K, 100% used [0x00000000eb180000,0x00000000f2a80000,0x00000000f2a80000)
  from space 4096K, 0% used [0x00000000f3780000,0x00000000f3780000,0x00000000f3b80000)
  to   space 13312K, 0% used [0x00000000f2a80000,0x00000000f2a80000,0x00000000f3780000)
 ParOldGen       total 70144K, used 22542K [0x00000000c1400000, 0x00000000c5880000, 0x00000000eb180000)
  object space 70144K, 32% used [0x00000000c1400000,0x00000000c2a039e0,0x00000000c5880000)
 Metaspace       used 44581K, capacity 45010K, committed 45568K, reserved 1089536K
  class space    used 5659K, capacity 5766K, committed 5888K, reserved 1048576K
Event: 11.212 GC heap after
Heap after GC invocations=13 (full 2):
 PSYoungGen      total 137216K, used 13284K [0x00000000eb180000, 0x00000000f6500000, 0x0000000100000000)
  eden space 123904K, 0% used [0x00000000eb180000,0x00000000eb180000,0x00000000f2a80000)
  from space 13312K, 99% used [0x00000000f2a80000,0x00000000f37792e0,0x00000000f3780000)
  to   space 15360K, 0% used [0x00000000f5600000,0x00000000f5600000,0x00000000f6500000)
 ParOldGen       total 70144K, used 23446K [0x00000000c1400000, 0x00000000c5880000, 0x00000000eb180000)
  object space 70144K, 33% used [0x00000000c1400000,0x00000000c2ae58f0,0x00000000c5880000)
 Metaspace       used 44581K, capacity 45010K, committed 45568K, reserved 1089536K
  class space    used 5659K, capacity 5766K, committed 5888K, reserved 1048576K
}
Event: 13.355 GC heap before
{Heap before GC invocations=14 (full 2):
 PSYoungGen      total 137216K, used 137188K [0x00000000eb180000, 0x00000000f6500000, 0x0000000100000000)
  eden space 123904K, 100% used [0x00000000eb180000,0x00000000f2a80000,0x00000000f2a80000)
  from space 13312K, 99% used [0x00000000f2a80000,0x00000000f37792e0,0x00000000f3780000)
  to   space 15360K, 0% used [0x00000000f5600000,0x00000000f5600000,0x00000000f6500000)
 ParOldGen       total 70144K, used 23446K [0x00000000c1400000, 0x00000000c5880000, 0x00000000eb180000)
  object space 70144K, 33% used [0x00000000c1400000,0x00000000c2ae58f0,0x00000000c5880000)
 Metaspace       used 48848K, capacity 49358K, committed 49664K, reserved 1093632K
  class space    used 6207K, capacity 6336K, committed 6400K, reserved 1048576K
Event: 13.404 GC heap after
Heap after GC invocations=14 (full 2):
 PSYoungGen      total 165888K, used 15359K [0x00000000eb180000, 0x00000000f6c00000, 0x0000000100000000)
  eden space 150528K, 0% used [0x00000000eb180000,0x00000000eb180000,0x00000000f4480000)
  from space 15360K, 99% used [0x00000000f5600000,0x00000000f64ffd90,0x00000000f6500000)
  to   space 17920K, 0% used [0x00000000f4480000,0x00000000f4480000,0x00000000f5600000)
 ParOldGen       total 70144K, used 24260K [0x00000000c1400000, 0x00000000c5880000, 0x00000000eb180000)
  object space 70144K, 34% used [0x00000000c1400000,0x00000000c2bb10f8,0x00000000c5880000)
 Metaspace       used 48848K, capacity 49358K, committed 49664K, reserved 1093632K
  class space    used 6207K, capacity 6336K, committed 6400K, reserved 1048576K
}

