# JRE version: Java(TM) SE Runtime Environment (8.0_77-b03) (build 1.8.0_77-b03)
# Java VM: Java HotSpot(TM) 64-Bit Server VM (25.77-b03 mixed mode windows-amd64 compressed oops)
Heap:
 PSYoungGen      total 167424K, used 123101K [0x00000000eb180000, 0x00000000f6c80000, 0x0000000100000000)
  eden space 152064K, 70% used [0x00000000eb180000,0x00000000f1abcd18,0x00000000f4600000)
  from space 15360K, 99% used [0x00000000f5780000,0x00000000f667a978,0x00000000f6680000)
  to   space 17920K, 0% used [0x00000000f4600000,0x00000000f4600000,0x00000000f5780000)
 ParOldGen       total 67584K, used 24392K [0x00000000c1400000, 0x00000000c5600000, 0x00000000eb180000)
  object space 67584K, 36% used [0x00000000c1400000,0x00000000c2bd2268,0x00000000c5600000)
 Metaspace       used 52563K, capacity 53140K, committed 53760K, reserved 1095680K
  class space    used 6669K, capacity 6797K, committed 6912K, reserved 1048576K
GC Heap History (10 events):
Event: 5.597 GC heap before
{Heap before GC invocations=10 (full 1):
 PSYoungGen      total 102912K, used 102519K [0x00000000eb180000, 0x00000000f3f00000, 0x0000000100000000)
  eden space 96768K, 100% used [0x00000000eb180000,0x00000000f1000000,0x00000000f1000000)
  from space 6144K, 93% used [0x00000000f3900000,0x00000000f3e9dd48,0x00000000f3f00000)
  to   space 7680K, 0% used [0x00000000f3000000,0x00000000f3000000,0x00000000f3780000)
 ParOldGen       total 37888K, used 9328K [0x00000000c1400000, 0x00000000c3900000, 0x00000000eb180000)
  object space 37888K, 24% used [0x00000000c1400000,0x00000000c1d1c378,0x00000000c3900000)
 Metaspace       used 29199K, capacity 29600K, committed 29952K, reserved 1075200K
  class space    used 3631K, capacity 3715K, committed 3840K, reserved 1048576K
Event: 5.611 GC heap after
Heap after GC invocations=10 (full 1):
 PSYoungGen      total 130048K, used 7673K [0x00000000eb180000, 0x00000000f3e00000, 0x0000000100000000)
  eden space 122368K, 0% used [0x00000000eb180000,0x00000000eb180000,0x00000000f2900000)
  from space 7680K, 99% used [0x00000000f3000000,0x00000000f377e528,0x00000000f3780000)
  to   space 6656K, 0% used [0x00000000f3780000,0x00000000f3780000,0x00000000f3e00000)
 ParOldGen       total 37888K, used 14487K [0x00000000c1400000, 0x00000000c3900000, 0x00000000eb180000)
  object space 37888K, 38% used [0x00000000c1400000,0x00000000c2225cd8,0x00000000c3900000)
 Metaspace       used 29199K, capacity 29600K, committed 29952K, reserved 1075200K
  class space    used 3631K, capacity 3715K, committed 3840K, reserved 1048576K
}
Event: 7.300 GC heap before
{Heap before GC invocations=11 (full 1):
 PSYoungGen      total 130048K, used 82577K [0x00000000eb180000, 0x00000000f3e00000, 0x0000000100000000)
  eden space 122368K, 61% used [0x00000000eb180000,0x00000000efaa6030,0x00000000f2900000)
  from space 7680K, 99% used [0x00000000f3000000,0x00000000f377e528,0x00000000f3780000)
  to   space 6656K, 0% used [0x00000000f3780000,0x00000000f3780000,0x00000000f3e00000)
 ParOldGen       total 37888K, used 14487K [0x00000000c1400000, 0x00000000c3900000, 0x00000000eb180000)
  object space 37888K, 38% used [0x00000000c1400000,0x00000000c2225cd8,0x00000000c3900000)
 Metaspace       used 34820K, capacity 35216K, committed 35496K, reserved 1081344K
  class space    used 4312K, capacity 4427K, committed 4480K, reserved 1048576K
Event: 7.316 GC heap after
Heap after GC invocations=11 (full 1):
 PSYoungGen      total 130560K, used 6646K [0x00000000eb180000, 0x00000000f5f80000, 0x0000000100000000)
  eden space 123904K, 0% used [0x00000000eb180000,0x00000000eb180000,0x00000000f2a80000)
  from space 6656K, 99% used [0x00000000f3780000,0x00000000f3dfd868,0x00000000f3e00000)
  to   space 13312K, 0% used [0x00000000f2a80000,0x00000000f2a80000,0x00000000f3780000)
 ParOldGen       total 37888K, used 21628K [0x00000000c1400000, 0x00000000c3900000, 0x00000000eb180000)
  object space 37888K, 57% used [0x00000000c1400000,0x00000000c291f3a0,0x00000000c3900000)
 Metaspace       used 34820K, capacity 35216K, committed 35496K, reserved 1081344K
  class space    used 4312K, capacity 4427K, committed 4480K, reserved 1048576K
}
Event: 7.316 GC heap before
{Heap before GC invocations=12 (full 2):
 PSYoungGen      total 130560K, used 6646K [0x00000000eb180000, 0x00000000f5f80000, 0x0000000100000000)
  eden space 123904K, 0% used [0x00000000eb180000,0x00000000eb180000,0x00000000f2a80000)
  from space 6656K, 99% used [0x00000000f3780000,0x00000000f3dfd868,0x00000000f3e00000)
  to   space 13312K, 0% used [0x00000000f2a80000,0x00000000f2a80000,0x00000000f3780000)
 ParOldGen       total 37888K, used 21628K [0x00000000c1400000, 0x00000000c3900000, 0x00000000eb180000)
  object space 37888K, 57% used [0x00000000c1400000,0x00000000c291f3a0,0x00000000c3900000)
 Metaspace       used 34820K, capacity 35216K, committed 35496K, reserved 1081344K
  class space    used 4312K, capacity 4427K, committed 4480K, reserved 1048576K
Event: 7.403 GC heap after
Heap after GC invocations=12 (full 2):
 PSYoungGen      total 130560K, used 0K [0x00000000eb180000, 0x00000000f5f80000, 0x0000000100000000)
  eden space 123904K, 0% used [0x00000000eb180000,0x00000000eb180000,0x00000000f2a80000)
  from space 6656K, 0% used [0x00000000f3780000,0x00000000f3780000,0x00000000f3e00000)
  to   space 13312K, 0% used [0x00000000f2a80000,0x00000000f2a80000,0x00000000f3780000)
 ParOldGen       total 67584K, used 22580K [0x00000000c1400000, 0x00000000c5600000, 0x00000000eb180000)
  object space 67584K, 33% used [0x00000000c1400000,0x00000000c2a0d3f8,0x00000000c5600000)
 Metaspace       used 34820K, capacity 35216K, committed 35496K, reserved 1081344K
  class space    used 4312K, capacity 4427K, committed 4480K, reserved 1048576K
}
Event: 10.743 GC heap before
{Heap before GC invocations=13 (full 2):
 PSYoungGen      total 130560K, used 123904K [0x00000000eb180000, 0x00000000f5f80000, 0x0000000100000000)
  eden space 123904K, 100% used [0x00000000eb180000,0x00000000f2a80000,0x00000000f2a80000)
  from space 6656K, 0% used [0x00000000f3780000,0x00000000f3780000,0x00000000f3e00000)
  to   space 13312K, 0% used [0x00000000f2a80000,0x00000000f2a80000,0x00000000f3780000)
 ParOldGen       total 67584K, used 22580K [0x00000000c1400000, 0x00000000c5600000, 0x00000000eb180000)
  object space 67584K, 33% used [0x00000000c1400000,0x00000000c2a0d3f8,0x00000000c5600000)
 Metaspace       used 44569K, capacity 45010K, committed 45568K, reserved 1089536K
  class space    used 5659K, capacity 5766K, committed 5888K, reserved 1048576K
Event: 10.777 GC heap after
Heap after GC invocations=13 (full 2):
 PSYoungGen      total 137216K, used 13302K [0x00000000eb180000, 0x00000000f6680000, 0x0000000100000000)
  eden space 123904K, 0% used [0x00000000eb180000,0x00000000eb180000,0x00000000f2a80000)
  from space 13312K, 99% used [0x00000000f2a80000,0x00000000f377d958,0x00000000f3780000)
  to   space 15360K, 0% used [0x00000000f5780000,0x00000000f5780000,0x00000000f6680000)
 ParOldGen       total 67584K, used 23530K [0x00000000c1400000, 0x00000000c5600000, 0x00000000eb180000)
  object space 67584K, 34% used [0x00000000c1400000,0x00000000c2afaad8,0x00000000c5600000)
 Metaspace       used 44569K, capacity 45010K, committed 45568K, reserved 1089536K
  class space    used 5659K, capacity 5766K, committed 5888K, reserved 1048576K
}
Event: 12.994 GC heap before
{Heap before GC invocations=14 (full 2):
 PSYoungGen      total 137216K, used 137206K [0x00000000eb180000, 0x00000000f6680000, 0x0000000100000000)
  eden space 123904K, 100% used [0x00000000eb180000,0x00000000f2a80000,0x00000000f2a80000)
  from space 13312K, 99% used [0x00000000f2a80000,0x00000000f377d958,0x00000000f3780000)
  to   space 15360K, 0% used [0x00000000f5780000,0x00000000f5780000,0x00000000f6680000)
 ParOldGen       total 67584K, used 23530K [0x00000000c1400000, 0x00000000c5600000, 0x00000000eb180000)
  object space 67584K, 34% used [0x00000000c1400000,0x00000000c2afaad8,0x00000000c5600000)
 Metaspace       used 48854K, capacity 49358K, committed 49920K, reserved 1093632K
  class space    used 6208K, capacity 6336K, committed 6400K, reserved 1048576K
Event: 13.043 GC heap after
Heap after GC invocations=14 (full 2):
 PSYoungGen      total 167424K, used 15338K [0x00000000eb180000, 0x00000000f6c80000, 0x0000000100000000)
  eden space 152064K, 0% used [0x00000000eb180000,0x00000000eb180000,0x00000000f4600000)
  from space 15360K, 99% used [0x00000000f5780000,0x00000000f667a978,0x00000000f6680000)
  to   space 17920K, 0% used [0x00000000f4600000,0x00000000f4600000,0x00000000f5780000)
 ParOldGen       total 67584K, used 24392K [0x00000000c1400000, 0x00000000c5600000, 0x00000000eb180000)
  object space 67584K, 36% used [0x00000000c1400000,0x00000000c2bd2268,0x00000000c5600000)
 Metaspace       used 48854K, capacity 49358K, committed 49920K, reserved 1093632K
  class space    used 6208K, capacity 6336K, committed 6400K, reserved 1048576K
}

